0 info it worked if it ends with ok
1 verbose cli [ '/Users/fabio.sussetto/.nvm/versions/node/v5.2.0/bin/node',
1 verbose cli   '/Users/fabio.sussetto/.nvm/versions/node/v5.2.0/bin/npm',
1 verbose cli   'run',
1 verbose cli   'start:api' ]
2 info using npm@3.3.12
3 info using node@v5.2.0
4 verbose run-script [ 'prestart:api', 'start:api', 'poststart:api' ]
5 info lifecycle newsletter-service@1.0.0~prestart:api: newsletter-service@1.0.0
6 silly lifecycle newsletter-service@1.0.0~prestart:api: no script for prestart:api, continuing
7 info lifecycle newsletter-service@1.0.0~start:api: newsletter-service@1.0.0
8 verbose lifecycle newsletter-service@1.0.0~start:api: unsafe-perm in lifecycle true
9 verbose lifecycle newsletter-service@1.0.0~start:api: PATH: /Users/fabio.sussetto/.nvm/versions/node/v5.2.0/lib/node_modules/npm/bin/node-gyp-bin:/Users/fabio.sussetto/Code/personal/microplace/newsletter-service/node_modules/.bin:/Users/fabio.sussetto/.nvm/versions/node/v5.2.0/lib/node_modules/npm/bin/node-gyp-bin:/Users/fabio.sussetto/Code/personal/microplace/newsletter-service/node_modules/.bin:/Users/fabio.sussetto/.nvm/versions/node/v5.2.0/bin:/Users/fabio.sussetto/.pyenv/versions/microplace-utils/bin:/Users/fabio.sussetto/.pyenv/bin:/usr/local/opt/pyenv/shims:/Applications/Postgres.app/Contents/Versions/9.3/bin:/Users/fabio.sussetto/utils:/usr/bin:/bin:/usr/sbin:/sbin:/usr/local/bin:/Users/fabio.sussetto/android-sdks/platform-tools:/usr/local/go/bin
10 verbose lifecycle newsletter-service@1.0.0~start:api: CWD: /Users/fabio.sussetto/Code/personal/microplace/newsletter-service
11 silly lifecycle newsletter-service@1.0.0~start:api: Args: [ '-c', 'node api.js' ]
12 silly lifecycle newsletter-service@1.0.0~start:api: Returned: code: 1  signal: null
13 info lifecycle newsletter-service@1.0.0~start:api: Failed to exec start:api script
14 verbose stack Error: newsletter-service@1.0.0 start:api: `node api.js`
14 verbose stack Exit status 1
14 verbose stack     at EventEmitter.<anonymous> (/Users/fabio.sussetto/.nvm/versions/node/v5.2.0/lib/node_modules/npm/lib/utils/lifecycle.js:232:16)
14 verbose stack     at emitTwo (events.js:88:13)
14 verbose stack     at EventEmitter.emit (events.js:173:7)
14 verbose stack     at ChildProcess.<anonymous> (/Users/fabio.sussetto/.nvm/versions/node/v5.2.0/lib/node_modules/npm/lib/utils/spawn.js:24:14)
14 verbose stack     at emitTwo (events.js:88:13)
14 verbose stack     at ChildProcess.emit (events.js:173:7)
14 verbose stack     at maybeClose (internal/child_process.js:819:16)
14 verbose stack     at Process.ChildProcess._handle.onexit (internal/child_process.js:212:5)
15 verbose pkgid newsletter-service@1.0.0
16 verbose cwd /Users/fabio.sussetto/Code/personal/microplace/newsletter-service
17 error Darwin 15.2.0
18 error argv "/Users/fabio.sussetto/.nvm/versions/node/v5.2.0/bin/node" "/Users/fabio.sussetto/.nvm/versions/node/v5.2.0/bin/npm" "run" "start:api"
19 error node v5.2.0
20 error npm  v3.3.12
21 error code ELIFECYCLE
22 error newsletter-service@1.0.0 start:api: `node api.js`
22 error Exit status 1
23 error Failed at the newsletter-service@1.0.0 start:api script 'node api.js'.
23 error Make sure you have the latest version of node.js and npm installed.
23 error If you do, this is most likely a problem with the newsletter-service package,
23 error not with npm itself.
23 error Tell the author that this fails on your system:
23 error     node api.js
23 error You can get their info via:
23 error     npm owner ls newsletter-service
23 error There is likely additional logging output above.
24 verbose exit [ 1, true ]
